h:\git\whatshttp\proj\proj.win32\debug\vc140.pdb
h:\git\whatshttp\proj\proj.win32\debug\vc140.idb
h:\git\whatshttp\proj\proj.win32\debug\main.obj
h:\git\whatshttp\proj\proj.win32\debug\whatshttp.obj
h:\git\whatshttp\proj\proj.win32\debug\whatsevent.obj
h:\git\whatshttp\proj\proj.win32\debug\whatseventcycle.obj
h:\git\whatshttp\proj\proj.win32\debug\whatslog.obj
h:\git\whatshttp\proj\proj.win32\debug\whatsrequest.obj
h:\git\whatshttp\proj\proj.win32\debug\whatsresponse.obj
h:\git\whatshttp\proj\proj.win32\debug\whatssocket.obj
h:\git\whatshttp\proj\proj.win32\debug\whatsthread.obj
h:\git\whatshttp\proj\proj.win32\debug\whatsthreadsync.obj
h:\git\whatshttp\proj\proj.win32\debug\whatsutility.obj
h:\git\whatshttp\proj\proj.win32\debug\whatshttp.ilk
h:\git\whatshttp\proj\proj.win32\debug\whatshttp.exe
h:\git\whatshttp\proj\proj.win32\debug\whatshttp.pdb
h:\git\whatshttp\proj\proj.win32\debug\whatshttp.tlog\cl.command.1.tlog
h:\git\whatshttp\proj\proj.win32\debug\whatshttp.tlog\cl.read.1.tlog
h:\git\whatshttp\proj\proj.win32\debug\whatshttp.tlog\cl.write.1.tlog
h:\git\whatshttp\proj\proj.win32\debug\whatshttp.tlog\link.command.1.tlog
h:\git\whatshttp\proj\proj.win32\debug\whatshttp.tlog\link.read.1.tlog
h:\git\whatshttp\proj\proj.win32\debug\whatshttp.tlog\link.write.1.tlog
